<?xml version="1.0" encoding="UTF-8"?>
<!-- Generated by org.testng.reporters.JUnitReportReporter -->
<testsuite hostname="DESKTOP-5CBRBJ1" name="com.login_omr.LoginUser" tests="5" failures="0" timestamp="31 May 2022 08:12:17 GMT" time="10.345" errors="0">
  <testcase name="createAddress" time="0.710" classname="com.login_omr.LoginUser"/>
  <testcase name="getAdress" time="0.616" classname="com.login_omr.LoginUser"/>
  <testcase name="updateAddress" time="0.780" classname="com.login_omr.LoginUser"/>
  <testcase name="deleteAddress" time="0.644" classname="com.login_omr.LoginUser"/>
  <testcase name="getUser" time="7.595" classname="com.login_omr.LoginUser"/>
</testsuite> <!-- com.login_omr.LoginUser -->
